<?xml version="1.0" encoding="UTF-8"?>

<ImplementationGuide xmlns="http://hl7.org/fhir">
  <id value="test-ig"/>
  <url value="http://hl7.org/fhir/test-ig"/>
  <name value="Test Implementation Guide"/>
  <status value="draft"/>
  <experimental value="true"/>
  <publisher value="FHIR Project"/>
  <package>
    <name value="base"/>
    <!-- Code System -->
    <resource>
      <example value="false"/>
      <sourceReference>
        <reference value="CodeSystem/test-ig-cs"/>
      </sourceReference>
    </resource>
    
    <!-- Logical Models 
    <resource>
      <example value="false"/>
      <sourceReference>
        <reference value="StructureDefinition/Colorectal"/>
      </sourceReference>
    </resource>
    -->
    
  </package>
  <page>
    <source value="index.html"/>
    <name value="Home Page"/>
    <kind value="page"/>
  </page>
</ImplementationGuide>